<?xml version="1.0" encoding="UTF-8"?>
<!-- Generated by org.testng.reporters.JUnitReportReporter -->
<testsuite hostname="DESKTOP-NMFQ685" failures="0" tests="1" name="Package.Automation_eCommerce" time="34.933" errors="0" timestamp="2023-11-17T10:40:31 IST" skipped="0">
  <testcase classname="Package.Automation_eCommerce" name="E_Comerce" time="34.933"/>
  <system-out/>
</testsuite> <!-- Package.Automation_eCommerce -->
