<?xml version="1.0" encoding="UTF-8"?>
<!-- Generated by org.testng.reporters.JUnitReportReporter -->
<testsuite hostname="DESKTOP-NMFQ685" failures="0" tests="1" name="Package.Automation_eCommerce" time="70.515" errors="0" timestamp="2023-11-14T18:10:49 IST" skipped="0">
  <testcase classname="Package.Automation_eCommerce" name="E_Comerce" time="70.515"/>
  <system-out/>
</testsuite> <!-- Package.Automation_eCommerce -->
